0 info it worked if it ends with ok
1 verbose cli [ '/Users/jeff/.nvm/v0.10.22/bin/node',
1 verbose cli   '/Users/jeff/.nvm/v0.10.22/bin/npm',
1 verbose cli   'version',
1 verbose cli   '3.0.2' ]
2 info using npm@1.3.14
3 info using node@v0.10.22
4 error version No package.json found
5 error Error: ENOENT, open '/Users/jeff/Sites/minicartjs.com/bin/package.json'
6 error If you need help, you may report this log at:
6 error     <http://github.com/isaacs/npm/issues>
6 error or email it to:
6 error     <npm-@googlegroups.com>
7 error System Darwin 13.0.0
8 error command "/Users/jeff/.nvm/v0.10.22/bin/node" "/Users/jeff/.nvm/v0.10.22/bin/npm" "version" "3.0.2"
9 error cwd /Users/jeff/Sites/minicartjs.com/bin
10 error node -v v0.10.22
11 error npm -v 1.3.14
12 error path /Users/jeff/Sites/minicartjs.com/bin/package.json
13 error code ENOENT
14 error errno 34
15 verbose exit [ 34, true ]
